Unable to capture context for thread 80948 in process 70252, can not generate back trace
Unable to capture context for thread 55520 in process 70252, can not generate back trace
Exception at PC 0x00007FFE9861CF19
Unable to capture context for thread 55520 in process 70252, can not generate back trace
Unable to capture context for thread 70568 in process 70252, can not generate back trace
Exception at PC 0x00007FFE3428BB93
Printing stacktrace...

Unable to capture context for thread 70568 in process 70252, can not generate back trace
Exception at PC 0x00007FFE9861CF19
Exception at PC 0x00007FFE9861CF19
Exception at PC 0x00007FFE9861CF19
Exception at PC 0x00007FFE9861CF19
Exception at PC 0x00007FFE9861CF19
Exception at PC 0x00007FFE9861CF19
[0]  [0x00007FFE3428BB93]
[1]  [0x00007FFE3428BB93]
[2]  [0x00007FFE3428B4A1]
[3]  [0x00007FFE3428B3EF]
[4]  [0x00007FFE342719FE]
[5]  [0x00007FFE34270ED1]
[6]  [0x00007FFE34270D76]
[7]  [0x00007FFE342179F6]
[8]  [0x00007FFE34207AFB]
[9]  [0x00007FFE3432E90A]
[10]  [0x00007FFE34349F87]
[11]  [0x00007FFE3434A05F]
[12] (BaseThreadInitThunk+0x14) [0x00007FFE99777344]
[13] (RtlUserThreadStart+0x21) [0x00007FFE9ABC26B1]
Done
Exception at PC 0x00007FFE9861CF19
Exception at PC 0x00007FFE9861CF19
Exception at PC 0x00007FFE9861CF19
Exception at PC 0x00007FFE9861CF19
Exception at PC 0x00007FFE9861CF19
Exception at PC 0x00007FFE9861CF19
Exception at PC 0x00007FFE9861CF19
Exception at PC 0x00007FFE9861CF19
Exception at PC 0x00007FFE9861CF19
Exception at PC 0x00007FFE9861CF19
Exception at PC 0x00007FFE9861CF19
