Unable to capture context for thread 25444 in process 24800, can not generate back trace
Exception at PC 0x00007FFE9861CF19
Unable to capture context for thread 3460 in process 24800, can not generate back trace
Unable to capture context for thread 39716 in process 24800, can not generate back trace
Unable to capture context for thread 25444 in process 24800, can not generate back trace
Exception at PC 0x00007FFDFE04BB93
Printing stacktrace...

Exception at PC 0x00007FFE9861CF19
Exception at PC 0x00007FFE9861CF19
Exception at PC 0x00007FFE9861CF19
Exception at PC 0x00007FFE9861CF19
Exception at PC 0x00007FFE9861CF19
Exception at PC 0x00007FFE9861CF19
Exception at PC 0x00007FFE9861CF19
[0]  [0x00007FFDFE04BB93]
[1]  [0x00007FFDFE04BB93]
[2]  [0x00007FFDFE04B4A1]
[3]  [0x00007FFDFE04B3EF]
[4]  [0x00007FFDFE0319FE]
[5]  [0x00007FFDFE030ED1]
[6]  [0x00007FFDFE030D76]
[7]  [0x00007FFDFDFD79F6]
[8]  [0x00007FFDFDFC7AFB]
[9]  [0x00007FFDFE0EE90A]
[10]  [0x00007FFDFE109F87]
[11]  [0x00007FFDFE10A05F]
[12] (BaseThreadInitThunk+0x14) [0x00007FFE99777344]
[13] (RtlUserThreadStart+0x21) [0x00007FFE9ABC26B1]
Done
Exception at PC 0x00007FFE9861CF19
Exception at PC 0x00007FFE9861CF19
Exception at PC 0x00007FFE9861CF19
Exception at PC 0x00007FFE9861CF19
Exception at PC 0x00007FFE9861CF19
Exception at PC 0x00007FFE9861CF19
Exception at PC 0x00007FFE9861CF19
Exception at PC 0x00007FFE9861CF19
Exception at PC 0x00007FFE9861CF19
Exception at PC 0x00007FFE9861CF19
