Unable to capture context for thread 53704 in process 41616, can not generate back trace
Exception at PC 0x00007FF909D4CF19
Unable to capture context for thread 53704 in process 41616, can not generate back trace
Unable to capture context for thread 39472 in process 41616, can not generate back trace
Exception at PC 0x00007FF83FF4BB93
Printing stacktrace...

Unable to capture context for thread 39472 in process 41616, can not generate back trace
Exception at PC 0x00007FF909D4CF19
Exception at PC 0x00007FF909D4CF19
Exception at PC 0x00007FF909D4CF19
Exception at PC 0x00007FF909D4CF19
Exception at PC 0x00007FF909D4CF19
Exception at PC 0x00007FF909D4CF19
Exception at PC 0x00007FF909D4CF19
Exception at PC 0x00007FF909D4CF19
Exception at PC 0x00007FF909D4CF19
[0]  [0x00007FF83FF4BB93]
[1]  [0x00007FF83FF4BB93]
[2]  [0x00007FF83FF4B4A1]
[3]  [0x00007FF83FF4B3EF]
[4]  [0x00007FF83FF319FE]
[5]  [0x00007FF83FF30ED1]
[6]  [0x00007FF83FF30D76]
[7]  [0x00007FF83FED79F6]
[8]  [0x00007FF83FEC7AFB]
[9]  [0x00007FF83FFEE90A]
[10]  [0x00007FF840009F87]
[11]  [0x00007FF84000A05F]
[12] (BaseThreadInitThunk+0x14) [0x00007FF90AD37344]
[13] (RtlUserThreadStart+0x21) [0x00007FF90C6226B1]
Done
Exception at PC 0x00007FF909D4CF19
Exception at PC 0x00007FF909D4CF19
Exception at PC 0x00007FF909D4CF19
Exception at PC 0x00007FF909D4CF19
Exception at PC 0x00007FF909D4CF19
Exception at PC 0x00007FF909D4CF19
Exception at PC 0x00007FF909D4CF19
Exception at PC 0x00007FF909D4CF19
