Vivado Simulator 2016.4
Copyright 1986-1999, 2001-2016 Xilinx, Inc. All Rights Reserved.
Running: C:/Xilinx/Vivado/2016.4/bin/unwrapped/win64.o/xelab.exe -wto b888fec1c0314752a5b0968ee6d44156 --debug typical --relax --mt 2 -L xil_defaultlib -L unisims_ver -L unimacro_ver -L secureip --snapshot top_tb_behav xil_defaultlib.top_tb xil_defaultlib.glbl -log elaborate.log 
Using 2 slave threads.
Starting static elaboration
Completed static elaboration
Starting simulation data flow analysis
WARNING: [XSIM 43-4100] "D:/code/courses/proj_multiprecision/project/project.sim/sim_1/behav/glbl.v" Line 6. Module glbl has a timescale but at least one module in design doesn't have timescale.
WARNING: [XSIM 43-4100] "D:/code/courses/proj_multiprecision/project/project.sim/sim_1/behav/glbl.v" Line 6. Module glbl has a timescale but at least one module in design doesn't have timescale.
Completed simulation data flow analysis
Time Resolution for simulation is 1ps
Compiling module xil_defaultlib.basic_unit_ha_and
Compiling module xil_defaultlib.basic_unit_ha_nand
Compiling module xil_defaultlib.basic_unit_first_line
Compiling module xil_defaultlib.basic_unit_fa_and
Compiling module xil_defaultlib.basic_unit_fa_nand
Compiling module xil_defaultlib.basic_unit_line
Compiling module xil_defaultlib.basic_unit_last_line
Compiling module xil_defaultlib.ha
Compiling module xil_defaultlib.fa
Compiling module xil_defaultlib.adder_9bit_unit_default
Compiling module xil_defaultlib.adder_24bit_default
Compiling module xil_defaultlib.adder_32bit_default
Compiling module xil_defaultlib.fused_signed_mac_32p8t8_2x24p8t4
Compiling module xil_defaultlib.pe_parallel
Compiling module xil_defaultlib.pe_line_parallel
Compiling module xil_defaultlib.accelerator
Compiling module xil_defaultlib.sram(ADDR_WIDTH=7,DATA_WIDTH=80)
Compiling module xil_defaultlib.sram(ADDR_WIDTH=7,DATA_WIDTH=16)
Compiling module xil_defaultlib.top_tb
Compiling module xil_defaultlib.glbl
Built simulation snapshot top_tb_behav
