Unable to capture context for thread 54632 in process 55892, can not generate back trace
Exception at PC 0x00007FF909D4CF19
Unable to capture context for thread 54632 in process 55892, can not generate back trace
Exception at PC 0x00007FF881F8BB93
Printing stacktrace...

Exception at PC 0x00007FF909D4CF19
Exception at PC 0x00007FF909D4CF19
Exception at PC 0x00007FF909D4CF19
Exception at PC 0x00007FF909D4CF19
Exception at PC 0x00007FF909D4CF19
Exception at PC 0x00007FF909D4CF19
Exception at PC 0x00007FF909D4CF19
Exception at PC 0x00007FF909D4CF19
Exception at PC 0x00007FF909D4CF19
Exception at PC 0x00007FF909D4CF19
[0]  [0x00007FF881F8BB93]
[1]  [0x00007FF881F8BB93]
[2]  [0x00007FF881F8B4A1]
[3]  [0x00007FF881F8B3EF]
[4]  [0x00007FF881F719FE]
[5]  [0x00007FF881F70ED1]
[6]  [0x00007FF881F70D76]
[7]  [0x00007FF881F179F6]
[8]  [0x00007FF881F07AFB]
[9]  [0x00007FF88202E90A]
[10]  [0x00007FF882049F87]
[11]  [0x00007FF88204A05F]
[12] (BaseThreadInitThunk+0x14) [0x00007FF90AD37344]
[13] (RtlUserThreadStart+0x21) [0x00007FF90C6226B1]
Done
Exception at PC 0x00007FF909D4CF19
Exception at PC 0x00007FF909D4CF19
Exception at PC 0x00007FF909D4CF19
Exception at PC 0x00007FF909D4CF19
Exception at PC 0x00007FF909D4CF19
Exception at PC 0x00007FF909D4CF19
Exception at PC 0x00007FF909D4CF19
