Unable to capture context for thread 90900 in process 9008, can not generate back trace
Exception at PC 0x00007FFB9356BB93
Printing stacktrace...

Exception at PC 0x00007FFC0CA6CF19
Exception at PC 0x00007FFC0CA6CF19
Exception at PC 0x00007FFC0CA6CF19
Exception at PC 0x00007FFC0CA6CF19
Exception at PC 0x00007FFC0CA6CF19
Exception at PC 0x00007FFC0CA6CF19
Exception at PC 0x00007FFC0CA6CF19
[0]  [0x00007FFB9356BB93]
[1]  [0x00007FFB9356BB93]
[2]  [0x00007FFB9356B4A1]
[3]  [0x00007FFB9356B3EF]
[4]  [0x00007FFB935519FE]
[5]  [0x00007FFB93550ED1]
[6]  [0x00007FFB93550D76]
[7]  [0x00007FFB934F79F6]
[8]  [0x00007FFB934E7AFB]
[9]  [0x00007FFB9360E90A]
[10]  [0x00007FFB93629F87]
[11]  [0x00007FFB9362A05F]
[12] (BaseThreadInitThunk+0x14) [0x00007FFC0D467344]
[13] (RtlUserThreadStart+0x21) [0x00007FFC0EFE26B1]
Done
Exception at PC 0x00007FFC0CA6CF19
Exception at PC 0x00007FFC0CA6CF19
Exception at PC 0x00007FFC0CA6CF19
Exception at PC 0x00007FFC0CA6CF19
Exception at PC 0x00007FFC0CA6CF19
Exception at PC 0x00007FFC0CA6CF19
Exception at PC 0x00007FFC0CA6CF19
Exception at PC 0x00007FFC0CA6CF19
Exception at PC 0x00007FFC0CA6CF19
Exception at PC 0x00007FFC0CA6CF19
Exception at PC 0x00007FFC0CA6CF19
